1746034345: mosquitto version 2.0.21 starting
1746034345: Config loaded from .\config\mosquitto.conf.
1746034345: Opening ipv6 listen socket on port 1883.
1746034345: Opening ipv4 listen socket on port 1883.
1746034345: mosquitto version 2.0.21 running
1746034349: New connection from 192.168.43.243:3748 on port 1883.
1746034349: New client connected from 192.168.43.243:3748 as central_main (p2, c1, k60, u'admin').
1746034349: No will message specified.
1746034349: Sending CONNACK to central_main (0, 0)
1746034349: Received SUBSCRIBE from central_main
1746034349: 	sensor/publish (QoS 0)
1746034349: central_main 0 sensor/publish
1746034349: Sending SUBACK to central_main
1746034349: Received SUBSCRIBE from central_main
1746034349: 	central_main/control (QoS 0)
1746034349: central_main 0 central_main/control
1746034349: Sending SUBACK to central_main
1746034356: New connection from 192.168.43.243:3762 on port 1883.
1746034356: New client connected from 192.168.43.243:3762 as central_main_ui (p2, c1, k60, u'admin').
1746034356: No will message specified.
1746034356: Sending CONNACK to central_main_ui (0, 0)
1746034369: Client central_main_ui closed its connection.
1746034371: Client central_main closed its connection.
